<?xml version="1.0" encoding="UTF-8"?>
<testsuite name="com.example.shop.ApiSecurityNoRedirectTest" tests="6" skipped="0" failures="0" errors="0" timestamp="2026-02-07T16:48:14" hostname="Lilyui-iMac.local" time="0.214">
  <properties/>
  <testcase name="productsDetail_isPublic_andNeverRedirectsToLogin()" classname="com.example.shop.ApiSecurityNoRedirectTest" time="0.171"/>
  <testcase name="corsPreflight_isPermitted_forApi()" classname="com.example.shop.ApiSecurityNoRedirectTest" time="0.011"/>
  <testcase name="corsPreflight_isPermitted_forApi_whenOriginIs5174()" classname="com.example.shop.ApiSecurityNoRedirectTest" time="0.005"/>
  <testcase name="authMe_unauthenticated_returns204_noRedirect()" classname="com.example.shop.ApiSecurityNoRedirectTest" time="0.01"/>
  <testcase name="productsList_isPublic_andNeverRedirectsToLogin()" classname="com.example.shop.ApiSecurityNoRedirectTest" time="0.007"/>
  <testcase name="ordersApi_unauthenticated_returns401_not302()" classname="com.example.shop.ApiSecurityNoRedirectTest" time="0.005"/>
  <system-out><![CDATA[01:48:11.879 [Test worker] INFO org.springframework.test.context.support.AnnotationConfigContextLoaderUtils -- Could not detect default configuration classes for test class [com.example.shop.ApiSecurityNoRedirectTest]: ApiSecurityNoRedirectTest does not declare any static, non-private, non-final, nested classes annotated with @Configuration.
01:48:11.937 [Test worker] INFO org.springframework.boot.test.context.SpringBootTestContextBootstrapper -- Found @SpringBootConfiguration com.example.shop.Application for test class com.example.shop.ApiSecurityNoRedirectTest

  .   ____          _            __ _ _
 /\\ / ___'_ __ _ _(_)_ __  __ _ \ \ \ \
( ( )\___ | '_ | '_| | '_ \/ _` | \ \ \ \
 \\/  ___)| |_)| | | | | || (_| |  ) ) ) )
  '  |____| .__|_| |_|_| |_\__, | / / / /
 =========|_|==============|___/=/_/_/_/
 :: Spring Boot ::                (v3.2.5)

2026-02-08T01:48:12.124+09:00  INFO 13872 --- [    Test worker] c.e.shop.ApiSecurityNoRedirectTest       : Starting ApiSecurityNoRedirectTest using Java 17.0.17 with PID 13872 (started by lilylee_imac in /Users/lilylee_imac/Documents/딥다이브_풀스택16회차/2026_repo/00_team-shopping/goorm16-fullstack-mission/backend/spring-shop)
2026-02-08T01:48:12.125+09:00  INFO 13872 --- [    Test worker] c.e.shop.ApiSecurityNoRedirectTest       : No active profile set, falling back to 1 default profile: "default"
2026-02-08T01:48:12.492+09:00  INFO 13872 --- [    Test worker] .s.d.r.c.RepositoryConfigurationDelegate : Bootstrapping Spring Data JPA repositories in DEFAULT mode.
2026-02-08T01:48:12.523+09:00  INFO 13872 --- [    Test worker] .s.d.r.c.RepositoryConfigurationDelegate : Finished Spring Data repository scanning in 27 ms. Found 4 JPA repository interfaces.
2026-02-08T01:48:13.308+09:00  INFO 13872 --- [    Test worker] o.hibernate.jpa.internal.util.LogHelper  : HHH000204: Processing PersistenceUnitInfo [name: default]
2026-02-08T01:48:13.343+09:00  INFO 13872 --- [    Test worker] org.hibernate.Version                    : HHH000412: Hibernate ORM core version 6.4.4.Final
2026-02-08T01:48:13.363+09:00  INFO 13872 --- [    Test worker] o.h.c.internal.RegionFactoryInitiator    : HHH000026: Second-level cache disabled
2026-02-08T01:48:13.422+09:00  INFO 13872 --- [    Test worker] o.s.o.j.p.SpringPersistenceUnitInfo      : No LoadTimeWeaver setup: ignoring JPA class transformer
2026-02-08T01:48:13.438+09:00  INFO 13872 --- [    Test worker] com.zaxxer.hikari.HikariDataSource       : HikariPool-1 - Starting...
2026-02-08T01:48:13.532+09:00  INFO 13872 --- [    Test worker] com.zaxxer.hikari.pool.HikariPool        : HikariPool-1 - Added connection conn0: url=jdbc:h2:mem:testdb user=SA
2026-02-08T01:48:13.533+09:00  INFO 13872 --- [    Test worker] com.zaxxer.hikari.HikariDataSource       : HikariPool-1 - Start completed.
2026-02-08T01:48:13.973+09:00  INFO 13872 --- [    Test worker] o.h.e.t.j.p.i.JtaPlatformInitiator       : HHH000489: No JTA platform available (set 'hibernate.transaction.jta.platform' to enable JTA platform integration)
2026-02-08T01:48:14.003+09:00  INFO 13872 --- [    Test worker] j.LocalContainerEntityManagerFactoryBean : Initialized JPA EntityManagerFactory for persistence unit 'default'
2026-02-08T01:48:14.367+09:00  WARN 13872 --- [    Test worker] JpaBaseConfiguration$JpaWebConfiguration : spring.jpa.open-in-view is enabled by default. Therefore, database queries may be performed during view rendering. Explicitly configure spring.jpa.open-in-view to disable this warning
2026-02-08T01:48:14.595+09:00  INFO 13872 --- [    Test worker] o.s.s.web.DefaultSecurityFilterChain     : Will secure Or [Mvc [pattern='/api/**']] with [org.springframework.security.web.session.DisableEncodeUrlFilter@33ac7934, org.springframework.security.web.context.request.async.WebAsyncManagerIntegrationFilter@152bb4cc, org.springframework.security.web.context.SecurityContextHolderFilter@4d62bb8b, org.springframework.security.web.header.HeaderWriterFilter@28d2afd8, org.springframework.web.filter.CorsFilter@6f87bc6c, org.springframework.security.web.authentication.logout.LogoutFilter@64d0b8e3, org.springframework.security.web.servletapi.SecurityContextHolderAwareRequestFilter@70f37190, org.springframework.security.web.authentication.AnonymousAuthenticationFilter@178f5b5b, org.springframework.security.web.access.ExceptionTranslationFilter@1784d711, org.springframework.security.web.access.intercept.AuthorizationFilter@30b2d267]
2026-02-08T01:48:14.605+09:00  INFO 13872 --- [    Test worker] o.s.s.web.DefaultSecurityFilterChain     : Will secure Not [Ant [pattern='/api/**']] with [org.springframework.security.web.session.DisableEncodeUrlFilter@7d3b4646, org.springframework.security.web.context.request.async.WebAsyncManagerIntegrationFilter@175c4ae5, org.springframework.security.web.context.SecurityContextHolderFilter@1a345c6c, org.springframework.security.web.header.HeaderWriterFilter@2e729fea, org.springframework.web.filter.CorsFilter@21bf1b1f, org.springframework.security.web.authentication.logout.LogoutFilter@4a1abba1, org.springframework.security.web.authentication.UsernamePasswordAuthenticationFilter@20f94e9a, org.springframework.security.web.savedrequest.RequestCacheAwareFilter@17a756db, org.springframework.security.web.servletapi.SecurityContextHolderAwareRequestFilter@2d10160a, org.springframework.security.web.authentication.AnonymousAuthenticationFilter@2b33e616, org.springframework.security.web.access.ExceptionTranslationFilter@54151d07, org.springframework.security.web.access.intercept.AuthorizationFilter@4a2bc71f]
2026-02-08T01:48:14.823+09:00  INFO 13872 --- [    Test worker] o.s.b.t.m.w.SpringBootMockServletContext : Initializing Spring TestDispatcherServlet ''
2026-02-08T01:48:14.823+09:00  INFO 13872 --- [    Test worker] o.s.t.web.servlet.TestDispatcherServlet  : Initializing Servlet ''
2026-02-08T01:48:14.824+09:00  INFO 13872 --- [    Test worker] o.s.t.web.servlet.TestDispatcherServlet  : Completed initialization in 1 ms
2026-02-08T01:48:14.845+09:00  INFO 13872 --- [    Test worker] c.e.shop.ApiSecurityNoRedirectTest       : Started ApiSecurityNoRedirectTest in 2.843 seconds (process running for 3.346)
]]></system-out>
  <system-err><![CDATA[]]></system-err>
</testsuite>
